./work/include_key
./work/Samples.gz
./work/include_file
./work/sync/sync/Sample
./work/sync/base/Sample
./work/サンプル.txt
./work/さんぷる.txt
./work/test
./work/test-file
./work/Sample１.txt
./work/Sample.txt.gz
./work/out_file.txt
./work/Sample1.txt
./result.log
./function01.sh
./script.log
./script_old/base02.sh
./script_old/base01.sh
./script_old/base08.sh
./script_old/base10.sh
./script_old/base09.sh
./script_old/base04.sh
./script_old/base03.sh
./script_old/base06.sh
./script_old/base11.sh
./script_old/base05.sh
./script_old/base07.sh
./script_old/base14.sh
./script_old/base13.sh
./script_old/base15.sh
./script_old/base12.sh
