[0;31mã‚¨ãƒ©ãƒ¼: ãƒ•ã‚¡ã‚¤ãƒ«ãŒå­˜åœ¨ã—ã¾ã›ã‚“ -> /home/yahagi/dev/scripts/shell-recipe${name}.sh[0m
[0;32m===== å®Ÿè¡Œé–‹å§‹: 2025-07-07 10:36:54 =====[0m
[38;5;214mãƒ•ã‚¡ã‚¤ãƒ«: /home/yahagi/dev/scripts/shell-recipe/base01.sh[0m
test is exist
\[[34m\]ã‚¹ã‚¯ãƒªãƒ—ãƒˆã¯æ­£å¸¸ã«å®Œäº†ã—ã¾ã—ãŸï¼š2025-07-07 10:36:54[0m
[0;32m===== å®Ÿè¡Œçµ‚äº†ï¼š2025-07-07 10:36:54 =====[0m
[0;32m===== å®Ÿè¡Œé–‹å§‹: 2025-07-07 10:45:12 =====[0m
[38;5;214mãƒ•ã‚¡ã‚¤ãƒ«: /home/yahagi/dev/scripts/shell-recipe/base01.sh[0m
test is exist
[0;34mã‚¹ã‚¯ãƒªãƒ—ãƒˆã¯æ­£å¸¸ã«å®Œäº†ã—ã¾ã—ãŸï¼š2025-07-07 10:45:12[0m
[0;32m===== å®Ÿè¡Œçµ‚äº†ï¼š2025-07-07 10:45:12 =====[0m
[0;32m===== å®Ÿè¡Œé–‹å§‹: 2025-07-07 10:49:40 =====[0m
[38;5;214mãƒ•ã‚¡ã‚¤ãƒ«: /home/yahagi/dev/scripts/shell-recipe/base01.sh[0m
test is not exist
[0;34mã‚¹ã‚¯ãƒªãƒ—ãƒˆã¯æ­£å¸¸ã«å®Œäº†ã—ã¾ã—ãŸï¼š2025-07-07 10:49:40[0m
[0;32m===== å®Ÿè¡Œçµ‚äº†ï¼š2025-07-07 10:49:40 =====[0m
[0;32m===== å®Ÿè¡Œé–‹å§‹: 2025-07-07 11:00:09 =====[0m
[38;5;214mãƒ•ã‚¡ã‚¤ãƒ«: /home/yahagi/dev/scripts/shell-recipe/base02.sh[0m
count 1 
count 2 
count 3 
count 4 
count 5 
count 6 
count 7 
count 8 
count 9 
count 10 
[0;34mã‚¹ã‚¯ãƒªãƒ—ãƒˆã¯æ­£å¸¸ã«å®Œäº†ã—ã¾ã—ãŸï¼š2025-07-07 11:00:10[0m
[0;32m===== å®Ÿè¡Œçµ‚äº†ï¼š2025-07-07 11:00:10 =====[0m
[0;32m===== å®Ÿè¡Œé–‹å§‹: 2025-07-07 11:02:37 =====[0m
[38;5;214mãƒ•ã‚¡ã‚¤ãƒ«: /home/yahagi/dev/scripts/shell-recipe/base03.sh[0m
count 1 
count 2 
count 3 
count 4 
count 5 
count 6 
count 7 
count 8 
count 9 
count 10 
[0;34mã‚¹ã‚¯ãƒªãƒ—ãƒˆã¯æ­£å¸¸ã«å®Œäº†ã—ã¾ã—ãŸï¼š2025-07-07 11:02:37[0m
[0;32m===== å®Ÿè¡Œçµ‚äº†ï¼š2025-07-07 11:02:37 =====[0m
