===== å®Ÿè¡Œé–‹å§‹: 2025-07-06 22:32:45 =====
ãƒ•ã‚¡ã‚¤ãƒ«: /home/rhel/shell-scripts/RHEL/pid.sh
23117
===== å®Ÿè¡Œçµ‚äº†: 2025-07-06 22:32:45 =====

===== å®Ÿè¡Œé–‹å§‹: 2025-07-06 22:35:39 =====
ãƒ•ã‚¡ã‚¤ãƒ«: /home/rhel/shell-scripts/RHEL/pid.sh
23151
===== å®Ÿè¡Œçµ‚äº†: 2025-07-06 22:35:39 =====

===== å®Ÿè¡Œé–‹å§‹: 2025-07-06 23:39:34 =====
ãƒ•ã‚¡ã‚¤ãƒ«: /home/rhel/shell-scripts/RHEL/arr-blank.sh
Hokkaido
Aomori

Miyagi

Yamagata
Fukushima
ã‚¤ãƒ³ãƒ‡ãƒƒã‚¯ã‚¹ã‚’æŒ‡å®šã—ãªã„ã¨ã‚¤ãƒ³ãƒ‡ãƒƒã‚¯ã‚¹0ã‚’å‚ç…§
Hokkaido
é…åˆ—ã®è¦ç´ æ•°ã‚’å–å¾—
5
===== å®Ÿè¡Œçµ‚äº†: 2025-07-06 23:39:34 =====

===== å®Ÿè¡Œé–‹å§‹: 2025-07-06 23:40:36 =====
ãƒ•ã‚¡ã‚¤ãƒ«: /home/rhel/shell-scripts/RHEL/arr-blank.sh
Hokkaido
Aomori

Miyagi

Yamagata
Fukushima
ã‚¤ãƒ³ãƒ‡ãƒƒã‚¯ã‚¹ã‚’æŒ‡å®šã—ãªã„ã¨ã‚¤ãƒ³ãƒ‡ãƒƒã‚¯ã‚¹0ã‚’å‚ç…§
Hokkaido
é…åˆ—ã®è¦ç´ æ•°ã‚’å–å¾—
5
===== å®Ÿè¡Œçµ‚äº†: 2025-07-06 23:40:36 =====

===== å®Ÿè¡Œé–‹å§‹: 2025-07-06 23:46:54 =====
ãƒ•ã‚¡ã‚¤ãƒ«: /home/rhel/shell-scripts/RHEL/arr-blank.sh
Hokkaido
Aomori

Miyagi

Yamagata
Fukushima
ã‚¤ãƒ³ãƒ‡ãƒƒã‚¯ã‚¹ã‚’æŒ‡å®šã—ãªã„ã¨ã‚¤ãƒ³ãƒ‡ãƒƒã‚¯ã‚¹0ã‚’å‚ç…§
Hokkaido
é…åˆ—ã®è¦ç´ æ•°ã‚’å–å¾—
5
===== å®Ÿè¡Œçµ‚äº†: 2025-07-06 23:46:54 =====

===== å®Ÿè¡Œé–‹å§‹: 2025-07-06 23:48:04 =====
ãƒ•ã‚¡ã‚¤ãƒ«: /home/rhel/shell-scripts/RHEL/arr-blank.sh
Hokkaido
Aomori

Miyagi

Yamagata
Fukushima
ã‚¤ãƒ³ãƒ‡ãƒƒã‚¯ã‚¹ã‚’æŒ‡å®šã—ãªã„ã¨ã‚¤ãƒ³ãƒ‡ãƒƒã‚¯ã‚¹0ã‚’å‚ç…§
Hokkaido
é…åˆ—ã®è¦ç´ æ•°ã‚’å–å¾—
5
===== å®Ÿè¡Œçµ‚äº†: 2025-07-06 23:48:04 =====

===== å®Ÿè¡Œé–‹å§‹: 2025-07-06 23:51:46 =====
ãƒ•ã‚¡ã‚¤ãƒ«: /home/rhel/shell-scripts/RHEL/arr-change.sh
okita
MiyakeHideaki
===== å®Ÿè¡Œçµ‚äº†: 2025-07-06 23:51:46 =====

===== å®Ÿè¡Œé–‹å§‹: 2025-07-07 00:11:29 =====
ãƒ•ã‚¡ã‚¤ãƒ«: /home/rhel/shell-scripts/RHEL/arr-change.sh
okita
MiyakeHideaki
===== å®Ÿè¡Œçµ‚äº†: 2025-07-07 00:11:29 =====

===== å®Ÿè¡Œé–‹å§‹: 2025-07-07 00:12:05 =====
ãƒ•ã‚¡ã‚¤ãƒ«: /home/rhel/shell-scripts/RHEL/arr-change.sh
okita
MiyakeHideaki
[0;32mâœ… ã‚¹ã‚¯ãƒªãƒ—ãƒˆã¯æ­£å¸¸ã«å®Œäº†ã—ã¾ã—ãŸï¼š2025-07-07 00:12:05[0m
===== å®Ÿè¡Œçµ‚äº†: 2025-07-07 00:12:05 =====

